Pig Stack Trace
---------------
ERROR 1200: <line 2, column 11>  Syntax error, unexpected symbol at or near 'STRING'

Failed to parse: <line 2, column 11>  Syntax error, unexpected symbol at or near 'STRING'
	at org.apache.pig.parser.QueryParserDriver.parse(QueryParserDriver.java:244)
	at org.apache.pig.parser.QueryParserDriver.parse(QueryParserDriver.java:182)
	at org.apache.pig.PigServer$Graph.validateQuery(PigServer.java:1792)
	at org.apache.pig.PigServer$Graph.registerQuery(PigServer.java:1765)
	at org.apache.pig.PigServer.registerQuery(PigServer.java:708)
	at org.apache.pig.tools.grunt.GruntParser.processPig(GruntParser.java:1110)
	at org.apache.pig.tools.pigscript.parser.PigScriptParser.parse(PigScriptParser.java:512)
	at org.apache.pig.tools.grunt.GruntParser.parseStopOnError(GruntParser.java:230)
	at org.apache.pig.tools.grunt.GruntParser.parseStopOnError(GruntParser.java:205)
	at org.apache.pig.tools.grunt.Grunt.run(Grunt.java:66)
	at org.apache.pig.Main.run(Main.java:564)
	at org.apache.pig.Main.main(Main.java:175)
	at sun.reflect.NativeMethodAccessorImpl.invoke0(Native Method)
	at sun.reflect.NativeMethodAccessorImpl.invoke(NativeMethodAccessorImpl.java:62)
	at sun.reflect.DelegatingMethodAccessorImpl.invoke(DelegatingMethodAccessorImpl.java:43)
	at java.lang.reflect.Method.invoke(Method.java:498)
	at org.apache.hadoop.util.RunJar.run(RunJar.java:318)
	at org.apache.hadoop.util.RunJar.main(RunJar.java:232)
================================================================================
Pig Stack Trace
---------------
ERROR 1003: Unable to find an operator for alias u

org.apache.pig.impl.logicalLayer.FrontendException: ERROR 1003: Unable to find an operator for alias u
	at org.apache.pig.PigServer$Graph.buildPlan(PigServer.java:1629)
	at org.apache.pig.PigServer.storeEx(PigServer.java:1114)
	at org.apache.pig.PigServer.store(PigServer.java:1082)
	at org.apache.pig.PigServer.openIterator(PigServer.java:995)
	at org.apache.pig.tools.grunt.GruntParser.processDump(GruntParser.java:782)
	at org.apache.pig.tools.pigscript.parser.PigScriptParser.parse(PigScriptParser.java:383)
	at org.apache.pig.tools.grunt.GruntParser.parseStopOnError(GruntParser.java:230)
	at org.apache.pig.tools.grunt.GruntParser.parseStopOnError(GruntParser.java:205)
	at org.apache.pig.tools.grunt.Grunt.run(Grunt.java:66)
	at org.apache.pig.Main.run(Main.java:564)
	at org.apache.pig.Main.main(Main.java:175)
	at sun.reflect.NativeMethodAccessorImpl.invoke0(Native Method)
	at sun.reflect.NativeMethodAccessorImpl.invoke(NativeMethodAccessorImpl.java:62)
	at sun.reflect.DelegatingMethodAccessorImpl.invoke(DelegatingMethodAccessorImpl.java:43)
	at java.lang.reflect.Method.invoke(Method.java:498)
	at org.apache.hadoop.util.RunJar.run(RunJar.java:318)
	at org.apache.hadoop.util.RunJar.main(RunJar.java:232)
================================================================================
Pig Stack Trace
---------------
ERROR 1200: <line 3, column 11>  Syntax error, unexpected symbol at or near 'DATE'

Failed to parse: <line 3, column 11>  Syntax error, unexpected symbol at or near 'DATE'
	at org.apache.pig.parser.QueryParserDriver.parse(QueryParserDriver.java:244)
	at org.apache.pig.parser.QueryParserDriver.parse(QueryParserDriver.java:182)
	at org.apache.pig.PigServer$Graph.validateQuery(PigServer.java:1792)
	at org.apache.pig.PigServer$Graph.registerQuery(PigServer.java:1765)
	at org.apache.pig.PigServer.registerQuery(PigServer.java:708)
	at org.apache.pig.tools.grunt.GruntParser.processPig(GruntParser.java:1110)
	at org.apache.pig.tools.pigscript.parser.PigScriptParser.parse(PigScriptParser.java:512)
	at org.apache.pig.tools.grunt.GruntParser.parseStopOnError(GruntParser.java:230)
	at org.apache.pig.tools.grunt.GruntParser.parseStopOnError(GruntParser.java:205)
	at org.apache.pig.tools.grunt.Grunt.run(Grunt.java:66)
	at org.apache.pig.Main.run(Main.java:564)
	at org.apache.pig.Main.main(Main.java:175)
	at sun.reflect.NativeMethodAccessorImpl.invoke0(Native Method)
	at sun.reflect.NativeMethodAccessorImpl.invoke(NativeMethodAccessorImpl.java:62)
	at sun.reflect.DelegatingMethodAccessorImpl.invoke(DelegatingMethodAccessorImpl.java:43)
	at java.lang.reflect.Method.invoke(Method.java:498)
	at org.apache.hadoop.util.RunJar.run(RunJar.java:318)
	at org.apache.hadoop.util.RunJar.main(RunJar.java:232)
================================================================================
Pig Stack Trace
---------------
ERROR 1003: Unable to find an operator for alias u

org.apache.pig.impl.logicalLayer.FrontendException: ERROR 1003: Unable to find an operator for alias u
	at org.apache.pig.PigServer$Graph.buildPlan(PigServer.java:1629)
	at org.apache.pig.PigServer.storeEx(PigServer.java:1114)
	at org.apache.pig.PigServer.store(PigServer.java:1082)
	at org.apache.pig.PigServer.openIterator(PigServer.java:995)
	at org.apache.pig.tools.grunt.GruntParser.processDump(GruntParser.java:782)
	at org.apache.pig.tools.pigscript.parser.PigScriptParser.parse(PigScriptParser.java:383)
	at org.apache.pig.tools.grunt.GruntParser.parseStopOnError(GruntParser.java:230)
	at org.apache.pig.tools.grunt.GruntParser.parseStopOnError(GruntParser.java:205)
	at org.apache.pig.tools.grunt.Grunt.run(Grunt.java:66)
	at org.apache.pig.Main.run(Main.java:564)
	at org.apache.pig.Main.main(Main.java:175)
	at sun.reflect.NativeMethodAccessorImpl.invoke0(Native Method)
	at sun.reflect.NativeMethodAccessorImpl.invoke(NativeMethodAccessorImpl.java:62)
	at sun.reflect.DelegatingMethodAccessorImpl.invoke(DelegatingMethodAccessorImpl.java:43)
	at java.lang.reflect.Method.invoke(Method.java:498)
	at org.apache.hadoop.util.RunJar.run(RunJar.java:318)
	at org.apache.hadoop.util.RunJar.main(RunJar.java:232)
================================================================================
Pig Stack Trace
---------------
ERROR 1200: Pig script failed to parse: <line 42, column 23> Invalid scalar projection: B : A column needs to be projected from a relation for it to be used as a scalar

Failed to parse: Pig script failed to parse: <line 42, column 23> Invalid scalar projection: B : A column needs to be projected from a relation for it to be used as a scalar
	at org.apache.pig.parser.QueryParserDriver.parse(QueryParserDriver.java:199)
	at org.apache.pig.PigServer$Graph.validateQuery(PigServer.java:1792)
	at org.apache.pig.PigServer$Graph.registerQuery(PigServer.java:1765)
	at org.apache.pig.PigServer.registerQuery(PigServer.java:708)
	at org.apache.pig.tools.grunt.GruntParser.processPig(GruntParser.java:1110)
	at org.apache.pig.tools.pigscript.parser.PigScriptParser.parse(PigScriptParser.java:512)
	at org.apache.pig.tools.grunt.GruntParser.parseStopOnError(GruntParser.java:230)
	at org.apache.pig.tools.grunt.GruntParser.parseStopOnError(GruntParser.java:205)
	at org.apache.pig.tools.grunt.Grunt.run(Grunt.java:66)
	at org.apache.pig.Main.run(Main.java:564)
	at org.apache.pig.Main.main(Main.java:175)
	at sun.reflect.NativeMethodAccessorImpl.invoke0(Native Method)
	at sun.reflect.NativeMethodAccessorImpl.invoke(NativeMethodAccessorImpl.java:62)
	at sun.reflect.DelegatingMethodAccessorImpl.invoke(DelegatingMethodAccessorImpl.java:43)
	at java.lang.reflect.Method.invoke(Method.java:498)
	at org.apache.hadoop.util.RunJar.run(RunJar.java:318)
	at org.apache.hadoop.util.RunJar.main(RunJar.java:232)
Caused by: <line 42, column 23> Invalid scalar projection: B : A column needs to be projected from a relation for it to be used as a scalar
	at org.apache.pig.parser.LogicalPlanGenerator.var_expr(LogicalPlanGenerator.java:10973)
	at org.apache.pig.parser.LogicalPlanGenerator.expr(LogicalPlanGenerator.java:10190)
	at org.apache.pig.parser.LogicalPlanGenerator.flatten_generated_item(LogicalPlanGenerator.java:7519)
	at org.apache.pig.parser.LogicalPlanGenerator.generate_clause(LogicalPlanGenerator.java:17621)
	at org.apache.pig.parser.LogicalPlanGenerator.foreach_plan(LogicalPlanGenerator.java:16013)
	at org.apache.pig.parser.LogicalPlanGenerator.foreach_clause(LogicalPlanGenerator.java:15880)
	at org.apache.pig.parser.LogicalPlanGenerator.op_clause(LogicalPlanGenerator.java:1933)
	at org.apache.pig.parser.LogicalPlanGenerator.general_statement(LogicalPlanGenerator.java:1102)
	at org.apache.pig.parser.LogicalPlanGenerator.statement(LogicalPlanGenerator.java:560)
	at org.apache.pig.parser.LogicalPlanGenerator.query(LogicalPlanGenerator.java:421)
	at org.apache.pig.parser.QueryParserDriver.parse(QueryParserDriver.java:191)
	... 16 more
================================================================================
Pig Stack Trace
---------------
ERROR 1070: Could not resolve count using imports: [, java.lang., org.apache.pig.builtin., org.apache.pig.impl.builtin.]

Failed to parse: Pig script failed to parse: <line 52, column 44> Failed to generate logical plan. Nested exception: org.apache.pig.backend.executionengine.ExecException: ERROR 1070: Could not resolve count using imports: [, java.lang., org.apache.pig.builtin., org.apache.pig.impl.builtin.]
	at org.apache.pig.parser.QueryParserDriver.parse(QueryParserDriver.java:199)
	at org.apache.pig.PigServer$Graph.validateQuery(PigServer.java:1792)
	at org.apache.pig.PigServer$Graph.registerQuery(PigServer.java:1765)
	at org.apache.pig.PigServer.registerQuery(PigServer.java:708)
	at org.apache.pig.tools.grunt.GruntParser.processPig(GruntParser.java:1110)
	at org.apache.pig.tools.pigscript.parser.PigScriptParser.parse(PigScriptParser.java:512)
	at org.apache.pig.tools.grunt.GruntParser.parseStopOnError(GruntParser.java:230)
	at org.apache.pig.tools.grunt.GruntParser.parseStopOnError(GruntParser.java:205)
	at org.apache.pig.tools.grunt.Grunt.run(Grunt.java:66)
	at org.apache.pig.Main.run(Main.java:564)
	at org.apache.pig.Main.main(Main.java:175)
	at sun.reflect.NativeMethodAccessorImpl.invoke0(Native Method)
	at sun.reflect.NativeMethodAccessorImpl.invoke(NativeMethodAccessorImpl.java:62)
	at sun.reflect.DelegatingMethodAccessorImpl.invoke(DelegatingMethodAccessorImpl.java:43)
	at java.lang.reflect.Method.invoke(Method.java:498)
	at org.apache.hadoop.util.RunJar.run(RunJar.java:318)
	at org.apache.hadoop.util.RunJar.main(RunJar.java:232)
Caused by: <line 52, column 44> Failed to generate logical plan. Nested exception: org.apache.pig.backend.executionengine.ExecException: ERROR 1070: Could not resolve count using imports: [, java.lang., org.apache.pig.builtin., org.apache.pig.impl.builtin.]
	at org.apache.pig.parser.LogicalPlanBuilder.buildUDF(LogicalPlanBuilder.java:1587)
	at org.apache.pig.parser.LogicalPlanGenerator.func_eval(LogicalPlanGenerator.java:9403)
	at org.apache.pig.parser.LogicalPlanGenerator.projectable_expr(LogicalPlanGenerator.java:11082)
	at org.apache.pig.parser.LogicalPlanGenerator.var_expr(LogicalPlanGenerator.java:10841)
	at org.apache.pig.parser.LogicalPlanGenerator.expr(LogicalPlanGenerator.java:10190)
	at org.apache.pig.parser.LogicalPlanGenerator.real_arg(LogicalPlanGenerator.java:9643)
	at org.apache.pig.parser.LogicalPlanGenerator.func_eval(LogicalPlanGenerator.java:9374)
	at org.apache.pig.parser.LogicalPlanGenerator.projectable_expr(LogicalPlanGenerator.java:11082)
	at org.apache.pig.parser.LogicalPlanGenerator.var_expr(LogicalPlanGenerator.java:10841)
	at org.apache.pig.parser.LogicalPlanGenerator.expr(LogicalPlanGenerator.java:10190)
	at org.apache.pig.parser.LogicalPlanGenerator.flatten_generated_item(LogicalPlanGenerator.java:7519)
	at org.apache.pig.parser.LogicalPlanGenerator.generate_clause(LogicalPlanGenerator.java:17621)
	at org.apache.pig.parser.LogicalPlanGenerator.foreach_plan(LogicalPlanGenerator.java:16013)
	at org.apache.pig.parser.LogicalPlanGenerator.foreach_clause(LogicalPlanGenerator.java:15880)
	at org.apache.pig.parser.LogicalPlanGenerator.op_clause(LogicalPlanGenerator.java:1933)
	at org.apache.pig.parser.LogicalPlanGenerator.general_statement(LogicalPlanGenerator.java:1102)
	at org.apache.pig.parser.LogicalPlanGenerator.statement(LogicalPlanGenerator.java:560)
	at org.apache.pig.parser.LogicalPlanGenerator.query(LogicalPlanGenerator.java:421)
	at org.apache.pig.parser.QueryParserDriver.parse(QueryParserDriver.java:191)
	... 16 more
Caused by: org.apache.pig.backend.executionengine.ExecException: ERROR 1070: Could not resolve count using imports: [, java.lang., org.apache.pig.builtin., org.apache.pig.impl.builtin.]
	at org.apache.pig.impl.PigContext.resolveClassName(PigContext.java:676)
	at org.apache.pig.impl.PigContext.getClassForAlias(PigContext.java:797)
	at org.apache.pig.parser.LogicalPlanBuilder.buildUDF(LogicalPlanBuilder.java:1584)
	... 34 more
================================================================================
Pig Stack Trace
---------------
ERROR 1003: Unable to find an operator for alias b

org.apache.pig.impl.logicalLayer.FrontendException: ERROR 1003: Unable to find an operator for alias b
	at org.apache.pig.PigServer$Graph.buildPlan(PigServer.java:1629)
	at org.apache.pig.PigServer.storeEx(PigServer.java:1114)
	at org.apache.pig.PigServer.store(PigServer.java:1082)
	at org.apache.pig.PigServer.openIterator(PigServer.java:995)
	at org.apache.pig.tools.grunt.GruntParser.processDump(GruntParser.java:782)
	at org.apache.pig.tools.pigscript.parser.PigScriptParser.parse(PigScriptParser.java:383)
	at org.apache.pig.tools.grunt.GruntParser.parseStopOnError(GruntParser.java:230)
	at org.apache.pig.tools.grunt.GruntParser.parseStopOnError(GruntParser.java:205)
	at org.apache.pig.tools.grunt.Grunt.run(Grunt.java:66)
	at org.apache.pig.Main.run(Main.java:564)
	at org.apache.pig.Main.main(Main.java:175)
	at sun.reflect.NativeMethodAccessorImpl.invoke0(Native Method)
	at sun.reflect.NativeMethodAccessorImpl.invoke(NativeMethodAccessorImpl.java:62)
	at sun.reflect.DelegatingMethodAccessorImpl.invoke(DelegatingMethodAccessorImpl.java:43)
	at java.lang.reflect.Method.invoke(Method.java:498)
	at org.apache.hadoop.util.RunJar.run(RunJar.java:318)
	at org.apache.hadoop.util.RunJar.main(RunJar.java:232)
================================================================================
Pig Stack Trace
---------------
ERROR 1070: Could not resolve myudf.concatenar using imports: [, java.lang., org.apache.pig.builtin., org.apache.pig.impl.builtin.]

Failed to parse: Pig script failed to parse: <line 56, column 23> Failed to generate logical plan. Nested exception: org.apache.pig.backend.executionengine.ExecException: ERROR 1070: Could not resolve myudf.concatenar using imports: [, java.lang., org.apache.pig.builtin., org.apache.pig.impl.builtin.]
	at org.apache.pig.parser.QueryParserDriver.parse(QueryParserDriver.java:199)
	at org.apache.pig.PigServer$Graph.validateQuery(PigServer.java:1792)
	at org.apache.pig.PigServer$Graph.registerQuery(PigServer.java:1765)
	at org.apache.pig.PigServer.registerQuery(PigServer.java:708)
	at org.apache.pig.tools.grunt.GruntParser.processPig(GruntParser.java:1110)
	at org.apache.pig.tools.pigscript.parser.PigScriptParser.parse(PigScriptParser.java:512)
	at org.apache.pig.tools.grunt.GruntParser.parseStopOnError(GruntParser.java:230)
	at org.apache.pig.tools.grunt.GruntParser.parseStopOnError(GruntParser.java:205)
	at org.apache.pig.tools.grunt.Grunt.run(Grunt.java:66)
	at org.apache.pig.Main.run(Main.java:564)
	at org.apache.pig.Main.main(Main.java:175)
	at sun.reflect.NativeMethodAccessorImpl.invoke0(Native Method)
	at sun.reflect.NativeMethodAccessorImpl.invoke(NativeMethodAccessorImpl.java:62)
	at sun.reflect.DelegatingMethodAccessorImpl.invoke(DelegatingMethodAccessorImpl.java:43)
	at java.lang.reflect.Method.invoke(Method.java:498)
	at org.apache.hadoop.util.RunJar.run(RunJar.java:318)
	at org.apache.hadoop.util.RunJar.main(RunJar.java:232)
Caused by: <line 56, column 23> Failed to generate logical plan. Nested exception: org.apache.pig.backend.executionengine.ExecException: ERROR 1070: Could not resolve myudf.concatenar using imports: [, java.lang., org.apache.pig.builtin., org.apache.pig.impl.builtin.]
	at org.apache.pig.parser.LogicalPlanBuilder.buildUDF(LogicalPlanBuilder.java:1587)
	at org.apache.pig.parser.LogicalPlanGenerator.func_eval(LogicalPlanGenerator.java:9403)
	at org.apache.pig.parser.LogicalPlanGenerator.projectable_expr(LogicalPlanGenerator.java:11082)
	at org.apache.pig.parser.LogicalPlanGenerator.var_expr(LogicalPlanGenerator.java:10841)
	at org.apache.pig.parser.LogicalPlanGenerator.expr(LogicalPlanGenerator.java:10190)
	at org.apache.pig.parser.LogicalPlanGenerator.flatten_generated_item(LogicalPlanGenerator.java:7519)
	at org.apache.pig.parser.LogicalPlanGenerator.generate_clause(LogicalPlanGenerator.java:17621)
	at org.apache.pig.parser.LogicalPlanGenerator.foreach_plan(LogicalPlanGenerator.java:16013)
	at org.apache.pig.parser.LogicalPlanGenerator.foreach_clause(LogicalPlanGenerator.java:15880)
	at org.apache.pig.parser.LogicalPlanGenerator.op_clause(LogicalPlanGenerator.java:1933)
	at org.apache.pig.parser.LogicalPlanGenerator.general_statement(LogicalPlanGenerator.java:1102)
	at org.apache.pig.parser.LogicalPlanGenerator.statement(LogicalPlanGenerator.java:560)
	at org.apache.pig.parser.LogicalPlanGenerator.query(LogicalPlanGenerator.java:421)
	at org.apache.pig.parser.QueryParserDriver.parse(QueryParserDriver.java:191)
	... 16 more
Caused by: org.apache.pig.backend.executionengine.ExecException: ERROR 1070: Could not resolve myudf.concatenar using imports: [, java.lang., org.apache.pig.builtin., org.apache.pig.impl.builtin.]
	at org.apache.pig.impl.PigContext.resolveClassName(PigContext.java:676)
	at org.apache.pig.impl.PigContext.getClassForAlias(PigContext.java:797)
	at org.apache.pig.parser.LogicalPlanBuilder.buildUDF(LogicalPlanBuilder.java:1584)
	... 29 more
================================================================================
Pig Stack Trace
---------------
ERROR 1003: Unable to find an operator for alias b

org.apache.pig.impl.logicalLayer.FrontendException: ERROR 1003: Unable to find an operator for alias b
	at org.apache.pig.PigServer$Graph.buildPlan(PigServer.java:1629)
	at org.apache.pig.PigServer.storeEx(PigServer.java:1114)
	at org.apache.pig.PigServer.store(PigServer.java:1082)
	at org.apache.pig.PigServer.openIterator(PigServer.java:995)
	at org.apache.pig.tools.grunt.GruntParser.processDump(GruntParser.java:782)
	at org.apache.pig.tools.pigscript.parser.PigScriptParser.parse(PigScriptParser.java:383)
	at org.apache.pig.tools.grunt.GruntParser.parseStopOnError(GruntParser.java:230)
	at org.apache.pig.tools.grunt.GruntParser.parseStopOnError(GruntParser.java:205)
	at org.apache.pig.tools.grunt.Grunt.run(Grunt.java:66)
	at org.apache.pig.Main.run(Main.java:564)
	at org.apache.pig.Main.main(Main.java:175)
	at sun.reflect.NativeMethodAccessorImpl.invoke0(Native Method)
	at sun.reflect.NativeMethodAccessorImpl.invoke(NativeMethodAccessorImpl.java:62)
	at sun.reflect.DelegatingMethodAccessorImpl.invoke(DelegatingMethodAccessorImpl.java:43)
	at java.lang.reflect.Method.invoke(Method.java:498)
	at org.apache.hadoop.util.RunJar.run(RunJar.java:318)
	at org.apache.hadoop.util.RunJar.main(RunJar.java:232)
================================================================================
Pig Stack Trace
---------------
ERROR 1025: <line 61, column 23> Invalid field projection. Projected field [GROUP] does not exist in schema: group:chararray,u:bag{:tuple(c1:chararray,c2:chararray,c3:int)}.

org.apache.pig.impl.plan.PlanValidationException: ERROR 1025: <line 61, column 23> Invalid field projection. Projected field [GROUP] does not exist in schema: group:chararray,u:bag{:tuple(c1:chararray,c2:chararray,c3:int)}.
	at org.apache.pig.newplan.logical.expression.ProjectExpression.findColNum(ProjectExpression.java:191)
	at org.apache.pig.newplan.logical.expression.ProjectExpression.setColumnNumberFromAlias(ProjectExpression.java:174)
	at org.apache.pig.newplan.logical.visitor.ColumnAliasConversionVisitor$1.visit(ColumnAliasConversionVisitor.java:53)
	at org.apache.pig.newplan.logical.expression.ProjectExpression.accept(ProjectExpression.java:215)
	at org.apache.pig.newplan.DependencyOrderWalker.walk(DependencyOrderWalker.java:75)
	at org.apache.pig.newplan.PlanVisitor.visit(PlanVisitor.java:52)
	at org.apache.pig.newplan.logical.optimizer.AllExpressionVisitor.visit(AllExpressionVisitor.java:142)
	at org.apache.pig.newplan.logical.relational.LOInnerLoad.accept(LOInnerLoad.java:128)
	at org.apache.pig.newplan.DependencyOrderWalker.walk(DependencyOrderWalker.java:75)
	at org.apache.pig.newplan.logical.optimizer.AllExpressionVisitor.visit(AllExpressionVisitor.java:124)
	at org.apache.pig.newplan.logical.relational.LOForEach.accept(LOForEach.java:87)
	at org.apache.pig.newplan.DependencyOrderWalker.walk(DependencyOrderWalker.java:75)
	at org.apache.pig.newplan.PlanVisitor.visit(PlanVisitor.java:52)
	at org.apache.pig.newplan.logical.relational.LogicalPlan.validate(LogicalPlan.java:176)
	at org.apache.pig.PigServer$Graph.validateQuery(PigServer.java:1793)
	at org.apache.pig.PigServer$Graph.registerQuery(PigServer.java:1765)
	at org.apache.pig.PigServer.registerQuery(PigServer.java:708)
	at org.apache.pig.tools.grunt.GruntParser.processPig(GruntParser.java:1110)
	at org.apache.pig.tools.pigscript.parser.PigScriptParser.parse(PigScriptParser.java:512)
	at org.apache.pig.tools.grunt.GruntParser.parseStopOnError(GruntParser.java:230)
	at org.apache.pig.tools.grunt.GruntParser.parseStopOnError(GruntParser.java:205)
	at org.apache.pig.tools.grunt.Grunt.run(Grunt.java:66)
	at org.apache.pig.Main.run(Main.java:564)
	at org.apache.pig.Main.main(Main.java:175)
	at sun.reflect.NativeMethodAccessorImpl.invoke0(Native Method)
	at sun.reflect.NativeMethodAccessorImpl.invoke(NativeMethodAccessorImpl.java:62)
	at sun.reflect.DelegatingMethodAccessorImpl.invoke(DelegatingMethodAccessorImpl.java:43)
	at java.lang.reflect.Method.invoke(Method.java:498)
	at org.apache.hadoop.util.RunJar.run(RunJar.java:318)
	at org.apache.hadoop.util.RunJar.main(RunJar.java:232)
================================================================================
Pig Stack Trace
---------------
ERROR 1025: <line 66, column 23> Invalid field projection. Projected field [GROUP] does not exist in schema: group:chararray,u:bag{:tuple(c1:chararray,c2:chararray,c3:int)}.

org.apache.pig.impl.plan.PlanValidationException: ERROR 1025: <line 66, column 23> Invalid field projection. Projected field [GROUP] does not exist in schema: group:chararray,u:bag{:tuple(c1:chararray,c2:chararray,c3:int)}.
	at org.apache.pig.newplan.logical.expression.ProjectExpression.findColNum(ProjectExpression.java:191)
	at org.apache.pig.newplan.logical.expression.ProjectExpression.setColumnNumberFromAlias(ProjectExpression.java:174)
	at org.apache.pig.newplan.logical.visitor.ColumnAliasConversionVisitor$1.visit(ColumnAliasConversionVisitor.java:53)
	at org.apache.pig.newplan.logical.expression.ProjectExpression.accept(ProjectExpression.java:215)
	at org.apache.pig.newplan.DependencyOrderWalker.walk(DependencyOrderWalker.java:75)
	at org.apache.pig.newplan.PlanVisitor.visit(PlanVisitor.java:52)
	at org.apache.pig.newplan.logical.optimizer.AllExpressionVisitor.visit(AllExpressionVisitor.java:142)
	at org.apache.pig.newplan.logical.relational.LOInnerLoad.accept(LOInnerLoad.java:128)
	at org.apache.pig.newplan.DependencyOrderWalker.walk(DependencyOrderWalker.java:75)
	at org.apache.pig.newplan.logical.optimizer.AllExpressionVisitor.visit(AllExpressionVisitor.java:124)
	at org.apache.pig.newplan.logical.relational.LOForEach.accept(LOForEach.java:87)
	at org.apache.pig.newplan.DependencyOrderWalker.walk(DependencyOrderWalker.java:75)
	at org.apache.pig.newplan.PlanVisitor.visit(PlanVisitor.java:52)
	at org.apache.pig.newplan.logical.relational.LogicalPlan.validate(LogicalPlan.java:176)
	at org.apache.pig.PigServer$Graph.validateQuery(PigServer.java:1793)
	at org.apache.pig.PigServer$Graph.registerQuery(PigServer.java:1765)
	at org.apache.pig.PigServer.registerQuery(PigServer.java:708)
	at org.apache.pig.tools.grunt.GruntParser.processPig(GruntParser.java:1110)
	at org.apache.pig.tools.pigscript.parser.PigScriptParser.parse(PigScriptParser.java:512)
	at org.apache.pig.tools.grunt.GruntParser.parseStopOnError(GruntParser.java:230)
	at org.apache.pig.tools.grunt.GruntParser.parseStopOnError(GruntParser.java:205)
	at org.apache.pig.tools.grunt.Grunt.run(Grunt.java:66)
	at org.apache.pig.Main.run(Main.java:564)
	at org.apache.pig.Main.main(Main.java:175)
	at sun.reflect.NativeMethodAccessorImpl.invoke0(Native Method)
	at sun.reflect.NativeMethodAccessorImpl.invoke(NativeMethodAccessorImpl.java:62)
	at sun.reflect.DelegatingMethodAccessorImpl.invoke(DelegatingMethodAccessorImpl.java:43)
	at java.lang.reflect.Method.invoke(Method.java:498)
	at org.apache.hadoop.util.RunJar.run(RunJar.java:318)
	at org.apache.hadoop.util.RunJar.main(RunJar.java:232)
================================================================================
Pig Stack Trace
---------------
ERROR 1200: Pig script failed to parse: <line 71, column 44> Invalid scalar projection: B : A column needs to be projected from a relation for it to be used as a scalar

Failed to parse: Pig script failed to parse: <line 71, column 44> Invalid scalar projection: B : A column needs to be projected from a relation for it to be used as a scalar
	at org.apache.pig.parser.QueryParserDriver.parse(QueryParserDriver.java:199)
	at org.apache.pig.PigServer$Graph.validateQuery(PigServer.java:1792)
	at org.apache.pig.PigServer$Graph.registerQuery(PigServer.java:1765)
	at org.apache.pig.PigServer.registerQuery(PigServer.java:708)
	at org.apache.pig.tools.grunt.GruntParser.processPig(GruntParser.java:1110)
	at org.apache.pig.tools.pigscript.parser.PigScriptParser.parse(PigScriptParser.java:512)
	at org.apache.pig.tools.grunt.GruntParser.parseStopOnError(GruntParser.java:230)
	at org.apache.pig.tools.grunt.GruntParser.parseStopOnError(GruntParser.java:205)
	at org.apache.pig.tools.grunt.Grunt.run(Grunt.java:66)
	at org.apache.pig.Main.run(Main.java:564)
	at org.apache.pig.Main.main(Main.java:175)
	at sun.reflect.NativeMethodAccessorImpl.invoke0(Native Method)
	at sun.reflect.NativeMethodAccessorImpl.invoke(NativeMethodAccessorImpl.java:62)
	at sun.reflect.DelegatingMethodAccessorImpl.invoke(DelegatingMethodAccessorImpl.java:43)
	at java.lang.reflect.Method.invoke(Method.java:498)
	at org.apache.hadoop.util.RunJar.run(RunJar.java:318)
	at org.apache.hadoop.util.RunJar.main(RunJar.java:232)
Caused by: <line 71, column 44> Invalid scalar projection: B : A column needs to be projected from a relation for it to be used as a scalar
	at org.apache.pig.parser.LogicalPlanGenerator.var_expr(LogicalPlanGenerator.java:10973)
	at org.apache.pig.parser.LogicalPlanGenerator.expr(LogicalPlanGenerator.java:10190)
	at org.apache.pig.parser.LogicalPlanGenerator.real_arg(LogicalPlanGenerator.java:9643)
	at org.apache.pig.parser.LogicalPlanGenerator.func_eval(LogicalPlanGenerator.java:9374)
	at org.apache.pig.parser.LogicalPlanGenerator.projectable_expr(LogicalPlanGenerator.java:11082)
	at org.apache.pig.parser.LogicalPlanGenerator.var_expr(LogicalPlanGenerator.java:10841)
	at org.apache.pig.parser.LogicalPlanGenerator.expr(LogicalPlanGenerator.java:10190)
	at org.apache.pig.parser.LogicalPlanGenerator.flatten_generated_item(LogicalPlanGenerator.java:7519)
	at org.apache.pig.parser.LogicalPlanGenerator.generate_clause(LogicalPlanGenerator.java:17621)
	at org.apache.pig.parser.LogicalPlanGenerator.foreach_plan(LogicalPlanGenerator.java:16013)
	at org.apache.pig.parser.LogicalPlanGenerator.foreach_clause(LogicalPlanGenerator.java:15880)
	at org.apache.pig.parser.LogicalPlanGenerator.op_clause(LogicalPlanGenerator.java:1933)
	at org.apache.pig.parser.LogicalPlanGenerator.general_statement(LogicalPlanGenerator.java:1102)
	at org.apache.pig.parser.LogicalPlanGenerator.statement(LogicalPlanGenerator.java:560)
	at org.apache.pig.parser.LogicalPlanGenerator.query(LogicalPlanGenerator.java:421)
	at org.apache.pig.parser.QueryParserDriver.parse(QueryParserDriver.java:191)
	... 16 more
================================================================================
Pig Stack Trace
---------------
ERROR 1025: <line 76, column 23> Invalid field projection. Projected field [GROUP] does not exist in schema: group:chararray,u:bag{:tuple(c1:chararray,c2:chararray,c3:int)}.

org.apache.pig.impl.plan.PlanValidationException: ERROR 1025: <line 76, column 23> Invalid field projection. Projected field [GROUP] does not exist in schema: group:chararray,u:bag{:tuple(c1:chararray,c2:chararray,c3:int)}.
	at org.apache.pig.newplan.logical.expression.ProjectExpression.findColNum(ProjectExpression.java:191)
	at org.apache.pig.newplan.logical.expression.ProjectExpression.setColumnNumberFromAlias(ProjectExpression.java:174)
	at org.apache.pig.newplan.logical.visitor.ColumnAliasConversionVisitor$1.visit(ColumnAliasConversionVisitor.java:53)
	at org.apache.pig.newplan.logical.expression.ProjectExpression.accept(ProjectExpression.java:215)
	at org.apache.pig.newplan.DependencyOrderWalker.walk(DependencyOrderWalker.java:75)
	at org.apache.pig.newplan.PlanVisitor.visit(PlanVisitor.java:52)
	at org.apache.pig.newplan.logical.optimizer.AllExpressionVisitor.visit(AllExpressionVisitor.java:142)
	at org.apache.pig.newplan.logical.relational.LOInnerLoad.accept(LOInnerLoad.java:128)
	at org.apache.pig.newplan.DependencyOrderWalker.walk(DependencyOrderWalker.java:75)
	at org.apache.pig.newplan.logical.optimizer.AllExpressionVisitor.visit(AllExpressionVisitor.java:124)
	at org.apache.pig.newplan.logical.relational.LOForEach.accept(LOForEach.java:87)
	at org.apache.pig.newplan.DependencyOrderWalker.walk(DependencyOrderWalker.java:75)
	at org.apache.pig.newplan.PlanVisitor.visit(PlanVisitor.java:52)
	at org.apache.pig.newplan.logical.relational.LogicalPlan.validate(LogicalPlan.java:176)
	at org.apache.pig.PigServer$Graph.validateQuery(PigServer.java:1793)
	at org.apache.pig.PigServer$Graph.registerQuery(PigServer.java:1765)
	at org.apache.pig.PigServer.registerQuery(PigServer.java:708)
	at org.apache.pig.tools.grunt.GruntParser.processPig(GruntParser.java:1110)
	at org.apache.pig.tools.pigscript.parser.PigScriptParser.parse(PigScriptParser.java:512)
	at org.apache.pig.tools.grunt.GruntParser.parseStopOnError(GruntParser.java:230)
	at org.apache.pig.tools.grunt.GruntParser.parseStopOnError(GruntParser.java:205)
	at org.apache.pig.tools.grunt.Grunt.run(Grunt.java:66)
	at org.apache.pig.Main.run(Main.java:564)
	at org.apache.pig.Main.main(Main.java:175)
	at sun.reflect.NativeMethodAccessorImpl.invoke0(Native Method)
	at sun.reflect.NativeMethodAccessorImpl.invoke(NativeMethodAccessorImpl.java:62)
	at sun.reflect.DelegatingMethodAccessorImpl.invoke(DelegatingMethodAccessorImpl.java:43)
	at java.lang.reflect.Method.invoke(Method.java:498)
	at org.apache.hadoop.util.RunJar.run(RunJar.java:318)
	at org.apache.hadoop.util.RunJar.main(RunJar.java:232)
================================================================================
Pig Stack Trace
---------------
ERROR 1025: <line 81, column 23> Invalid field projection. Projected field [GROUP] does not exist in schema: group:chararray,u:bag{:tuple(c1:chararray,c2:chararray,c3:int)}.

org.apache.pig.impl.plan.PlanValidationException: ERROR 1025: <line 81, column 23> Invalid field projection. Projected field [GROUP] does not exist in schema: group:chararray,u:bag{:tuple(c1:chararray,c2:chararray,c3:int)}.
	at org.apache.pig.newplan.logical.expression.ProjectExpression.findColNum(ProjectExpression.java:191)
	at org.apache.pig.newplan.logical.expression.ProjectExpression.setColumnNumberFromAlias(ProjectExpression.java:174)
	at org.apache.pig.newplan.logical.visitor.ColumnAliasConversionVisitor$1.visit(ColumnAliasConversionVisitor.java:53)
	at org.apache.pig.newplan.logical.expression.ProjectExpression.accept(ProjectExpression.java:215)
	at org.apache.pig.newplan.DependencyOrderWalker.walk(DependencyOrderWalker.java:75)
	at org.apache.pig.newplan.PlanVisitor.visit(PlanVisitor.java:52)
	at org.apache.pig.newplan.logical.optimizer.AllExpressionVisitor.visit(AllExpressionVisitor.java:142)
	at org.apache.pig.newplan.logical.relational.LOInnerLoad.accept(LOInnerLoad.java:128)
	at org.apache.pig.newplan.DependencyOrderWalker.walk(DependencyOrderWalker.java:75)
	at org.apache.pig.newplan.logical.optimizer.AllExpressionVisitor.visit(AllExpressionVisitor.java:124)
	at org.apache.pig.newplan.logical.relational.LOForEach.accept(LOForEach.java:87)
	at org.apache.pig.newplan.DependencyOrderWalker.walk(DependencyOrderWalker.java:75)
	at org.apache.pig.newplan.PlanVisitor.visit(PlanVisitor.java:52)
	at org.apache.pig.newplan.logical.relational.LogicalPlan.validate(LogicalPlan.java:176)
	at org.apache.pig.PigServer$Graph.validateQuery(PigServer.java:1793)
	at org.apache.pig.PigServer$Graph.registerQuery(PigServer.java:1765)
	at org.apache.pig.PigServer.registerQuery(PigServer.java:708)
	at org.apache.pig.tools.grunt.GruntParser.processPig(GruntParser.java:1110)
	at org.apache.pig.tools.pigscript.parser.PigScriptParser.parse(PigScriptParser.java:512)
	at org.apache.pig.tools.grunt.GruntParser.parseStopOnError(GruntParser.java:230)
	at org.apache.pig.tools.grunt.GruntParser.parseStopOnError(GruntParser.java:205)
	at org.apache.pig.tools.grunt.Grunt.run(Grunt.java:66)
	at org.apache.pig.Main.run(Main.java:564)
	at org.apache.pig.Main.main(Main.java:175)
	at sun.reflect.NativeMethodAccessorImpl.invoke0(Native Method)
	at sun.reflect.NativeMethodAccessorImpl.invoke(NativeMethodAccessorImpl.java:62)
	at sun.reflect.DelegatingMethodAccessorImpl.invoke(DelegatingMethodAccessorImpl.java:43)
	at java.lang.reflect.Method.invoke(Method.java:498)
	at org.apache.hadoop.util.RunJar.run(RunJar.java:318)
	at org.apache.hadoop.util.RunJar.main(RunJar.java:232)
================================================================================
Pig Stack Trace
---------------
ERROR 1025: <line 86, column 23> Invalid field projection. Projected field [GROUP] does not exist in schema: group:chararray,u:bag{:tuple(c1:chararray,c2:chararray,c3:int)}.

org.apache.pig.impl.plan.PlanValidationException: ERROR 1025: <line 86, column 23> Invalid field projection. Projected field [GROUP] does not exist in schema: group:chararray,u:bag{:tuple(c1:chararray,c2:chararray,c3:int)}.
	at org.apache.pig.newplan.logical.expression.ProjectExpression.findColNum(ProjectExpression.java:191)
	at org.apache.pig.newplan.logical.expression.ProjectExpression.setColumnNumberFromAlias(ProjectExpression.java:174)
	at org.apache.pig.newplan.logical.visitor.ColumnAliasConversionVisitor$1.visit(ColumnAliasConversionVisitor.java:53)
	at org.apache.pig.newplan.logical.expression.ProjectExpression.accept(ProjectExpression.java:215)
	at org.apache.pig.newplan.DependencyOrderWalker.walk(DependencyOrderWalker.java:75)
	at org.apache.pig.newplan.PlanVisitor.visit(PlanVisitor.java:52)
	at org.apache.pig.newplan.logical.optimizer.AllExpressionVisitor.visit(AllExpressionVisitor.java:142)
	at org.apache.pig.newplan.logical.relational.LOInnerLoad.accept(LOInnerLoad.java:128)
	at org.apache.pig.newplan.DependencyOrderWalker.walk(DependencyOrderWalker.java:75)
	at org.apache.pig.newplan.logical.optimizer.AllExpressionVisitor.visit(AllExpressionVisitor.java:124)
	at org.apache.pig.newplan.logical.relational.LOForEach.accept(LOForEach.java:87)
	at org.apache.pig.newplan.DependencyOrderWalker.walk(DependencyOrderWalker.java:75)
	at org.apache.pig.newplan.PlanVisitor.visit(PlanVisitor.java:52)
	at org.apache.pig.newplan.logical.relational.LogicalPlan.validate(LogicalPlan.java:176)
	at org.apache.pig.PigServer$Graph.validateQuery(PigServer.java:1793)
	at org.apache.pig.PigServer$Graph.registerQuery(PigServer.java:1765)
	at org.apache.pig.PigServer.registerQuery(PigServer.java:708)
	at org.apache.pig.tools.grunt.GruntParser.processPig(GruntParser.java:1110)
	at org.apache.pig.tools.pigscript.parser.PigScriptParser.parse(PigScriptParser.java:512)
	at org.apache.pig.tools.grunt.GruntParser.parseStopOnError(GruntParser.java:230)
	at org.apache.pig.tools.grunt.GruntParser.parseStopOnError(GruntParser.java:205)
	at org.apache.pig.tools.grunt.Grunt.run(Grunt.java:66)
	at org.apache.pig.Main.run(Main.java:564)
	at org.apache.pig.Main.main(Main.java:175)
	at sun.reflect.NativeMethodAccessorImpl.invoke0(Native Method)
	at sun.reflect.NativeMethodAccessorImpl.invoke(NativeMethodAccessorImpl.java:62)
	at sun.reflect.DelegatingMethodAccessorImpl.invoke(DelegatingMethodAccessorImpl.java:43)
	at java.lang.reflect.Method.invoke(Method.java:498)
	at org.apache.hadoop.util.RunJar.run(RunJar.java:318)
	at org.apache.hadoop.util.RunJar.main(RunJar.java:232)
================================================================================
Pig Stack Trace
---------------
ERROR 1025: <line 91, column 23> Invalid field projection. Projected field [GROUP] does not exist in schema: group:chararray,u:bag{:tuple(c1:chararray,c2:chararray,c3:int)}.

org.apache.pig.impl.plan.PlanValidationException: ERROR 1025: <line 91, column 23> Invalid field projection. Projected field [GROUP] does not exist in schema: group:chararray,u:bag{:tuple(c1:chararray,c2:chararray,c3:int)}.
	at org.apache.pig.newplan.logical.expression.ProjectExpression.findColNum(ProjectExpression.java:191)
	at org.apache.pig.newplan.logical.expression.ProjectExpression.setColumnNumberFromAlias(ProjectExpression.java:174)
	at org.apache.pig.newplan.logical.visitor.ColumnAliasConversionVisitor$1.visit(ColumnAliasConversionVisitor.java:53)
	at org.apache.pig.newplan.logical.expression.ProjectExpression.accept(ProjectExpression.java:215)
	at org.apache.pig.newplan.DependencyOrderWalker.walk(DependencyOrderWalker.java:75)
	at org.apache.pig.newplan.PlanVisitor.visit(PlanVisitor.java:52)
	at org.apache.pig.newplan.logical.optimizer.AllExpressionVisitor.visit(AllExpressionVisitor.java:142)
	at org.apache.pig.newplan.logical.relational.LOInnerLoad.accept(LOInnerLoad.java:128)
	at org.apache.pig.newplan.DependencyOrderWalker.walk(DependencyOrderWalker.java:75)
	at org.apache.pig.newplan.logical.optimizer.AllExpressionVisitor.visit(AllExpressionVisitor.java:124)
	at org.apache.pig.newplan.logical.relational.LOForEach.accept(LOForEach.java:87)
	at org.apache.pig.newplan.DependencyOrderWalker.walk(DependencyOrderWalker.java:75)
	at org.apache.pig.newplan.PlanVisitor.visit(PlanVisitor.java:52)
	at org.apache.pig.newplan.logical.relational.LogicalPlan.validate(LogicalPlan.java:176)
	at org.apache.pig.PigServer$Graph.validateQuery(PigServer.java:1793)
	at org.apache.pig.PigServer$Graph.registerQuery(PigServer.java:1765)
	at org.apache.pig.PigServer.registerQuery(PigServer.java:708)
	at org.apache.pig.tools.grunt.GruntParser.processPig(GruntParser.java:1110)
	at org.apache.pig.tools.pigscript.parser.PigScriptParser.parse(PigScriptParser.java:512)
	at org.apache.pig.tools.grunt.GruntParser.parseStopOnError(GruntParser.java:230)
	at org.apache.pig.tools.grunt.GruntParser.parseStopOnError(GruntParser.java:205)
	at org.apache.pig.tools.grunt.Grunt.run(Grunt.java:66)
	at org.apache.pig.Main.run(Main.java:564)
	at org.apache.pig.Main.main(Main.java:175)
	at sun.reflect.NativeMethodAccessorImpl.invoke0(Native Method)
	at sun.reflect.NativeMethodAccessorImpl.invoke(NativeMethodAccessorImpl.java:62)
	at sun.reflect.DelegatingMethodAccessorImpl.invoke(DelegatingMethodAccessorImpl.java:43)
	at java.lang.reflect.Method.invoke(Method.java:498)
	at org.apache.hadoop.util.RunJar.run(RunJar.java:318)
	at org.apache.hadoop.util.RunJar.main(RunJar.java:232)
================================================================================
Pig Stack Trace
---------------
ERROR 1025: <line 96, column 23> Invalid field projection. Projected field [GROUP] does not exist in schema: group:chararray,u:bag{:tuple(c1:chararray,c2:chararray,c3:int)}.

org.apache.pig.impl.plan.PlanValidationException: ERROR 1025: <line 96, column 23> Invalid field projection. Projected field [GROUP] does not exist in schema: group:chararray,u:bag{:tuple(c1:chararray,c2:chararray,c3:int)}.
	at org.apache.pig.newplan.logical.expression.ProjectExpression.findColNum(ProjectExpression.java:191)
	at org.apache.pig.newplan.logical.expression.ProjectExpression.setColumnNumberFromAlias(ProjectExpression.java:174)
	at org.apache.pig.newplan.logical.visitor.ColumnAliasConversionVisitor$1.visit(ColumnAliasConversionVisitor.java:53)
	at org.apache.pig.newplan.logical.expression.ProjectExpression.accept(ProjectExpression.java:215)
	at org.apache.pig.newplan.DependencyOrderWalker.walk(DependencyOrderWalker.java:75)
	at org.apache.pig.newplan.PlanVisitor.visit(PlanVisitor.java:52)
	at org.apache.pig.newplan.logical.optimizer.AllExpressionVisitor.visit(AllExpressionVisitor.java:142)
	at org.apache.pig.newplan.logical.relational.LOInnerLoad.accept(LOInnerLoad.java:128)
	at org.apache.pig.newplan.DependencyOrderWalker.walk(DependencyOrderWalker.java:75)
	at org.apache.pig.newplan.logical.optimizer.AllExpressionVisitor.visit(AllExpressionVisitor.java:124)
	at org.apache.pig.newplan.logical.relational.LOForEach.accept(LOForEach.java:87)
	at org.apache.pig.newplan.DependencyOrderWalker.walk(DependencyOrderWalker.java:75)
	at org.apache.pig.newplan.PlanVisitor.visit(PlanVisitor.java:52)
	at org.apache.pig.newplan.logical.relational.LogicalPlan.validate(LogicalPlan.java:176)
	at org.apache.pig.PigServer$Graph.validateQuery(PigServer.java:1793)
	at org.apache.pig.PigServer$Graph.registerQuery(PigServer.java:1765)
	at org.apache.pig.PigServer.registerQuery(PigServer.java:708)
	at org.apache.pig.tools.grunt.GruntParser.processPig(GruntParser.java:1110)
	at org.apache.pig.tools.pigscript.parser.PigScriptParser.parse(PigScriptParser.java:512)
	at org.apache.pig.tools.grunt.GruntParser.parseStopOnError(GruntParser.java:230)
	at org.apache.pig.tools.grunt.GruntParser.parseStopOnError(GruntParser.java:205)
	at org.apache.pig.tools.grunt.Grunt.run(Grunt.java:66)
	at org.apache.pig.Main.run(Main.java:564)
	at org.apache.pig.Main.main(Main.java:175)
	at sun.reflect.NativeMethodAccessorImpl.invoke0(Native Method)
	at sun.reflect.NativeMethodAccessorImpl.invoke(NativeMethodAccessorImpl.java:62)
	at sun.reflect.DelegatingMethodAccessorImpl.invoke(DelegatingMethodAccessorImpl.java:43)
	at java.lang.reflect.Method.invoke(Method.java:498)
	at org.apache.hadoop.util.RunJar.run(RunJar.java:318)
	at org.apache.hadoop.util.RunJar.main(RunJar.java:232)
================================================================================
Pig Stack Trace
---------------
ERROR 1200: <line 101, column 13>  Syntax error, unexpected symbol at or near '.'

Failed to parse: <line 101, column 13>  Syntax error, unexpected symbol at or near '.'
	at org.apache.pig.parser.QueryParserDriver.parse(QueryParserDriver.java:244)
	at org.apache.pig.parser.QueryParserDriver.parse(QueryParserDriver.java:182)
	at org.apache.pig.PigServer$Graph.validateQuery(PigServer.java:1792)
	at org.apache.pig.PigServer$Graph.registerQuery(PigServer.java:1765)
	at org.apache.pig.PigServer.registerQuery(PigServer.java:708)
	at org.apache.pig.tools.grunt.GruntParser.processPig(GruntParser.java:1110)
	at org.apache.pig.tools.pigscript.parser.PigScriptParser.parse(PigScriptParser.java:512)
	at org.apache.pig.tools.grunt.GruntParser.parseStopOnError(GruntParser.java:230)
	at org.apache.pig.tools.grunt.GruntParser.parseStopOnError(GruntParser.java:205)
	at org.apache.pig.tools.grunt.Grunt.run(Grunt.java:66)
	at org.apache.pig.Main.run(Main.java:564)
	at org.apache.pig.Main.main(Main.java:175)
	at sun.reflect.NativeMethodAccessorImpl.invoke0(Native Method)
	at sun.reflect.NativeMethodAccessorImpl.invoke(NativeMethodAccessorImpl.java:62)
	at sun.reflect.DelegatingMethodAccessorImpl.invoke(DelegatingMethodAccessorImpl.java:43)
	at java.lang.reflect.Method.invoke(Method.java:498)
	at org.apache.hadoop.util.RunJar.run(RunJar.java:318)
	at org.apache.hadoop.util.RunJar.main(RunJar.java:232)
================================================================================
Pig Stack Trace
---------------
ERROR 1025: <line 123, column 23> Invalid field projection. Projected field [c1] does not exist in schema: group:chararray,u:bag{:tuple(c1:chararray,c2:chararray,c3:int)}.

org.apache.pig.impl.plan.PlanValidationException: ERROR 1025: <line 123, column 23> Invalid field projection. Projected field [c1] does not exist in schema: group:chararray,u:bag{:tuple(c1:chararray,c2:chararray,c3:int)}.
	at org.apache.pig.newplan.logical.expression.ProjectExpression.findColNum(ProjectExpression.java:191)
	at org.apache.pig.newplan.logical.expression.ProjectExpression.setColumnNumberFromAlias(ProjectExpression.java:174)
	at org.apache.pig.newplan.logical.visitor.ColumnAliasConversionVisitor$1.visit(ColumnAliasConversionVisitor.java:53)
	at org.apache.pig.newplan.logical.expression.ProjectExpression.accept(ProjectExpression.java:215)
	at org.apache.pig.newplan.DependencyOrderWalker.walk(DependencyOrderWalker.java:75)
	at org.apache.pig.newplan.PlanVisitor.visit(PlanVisitor.java:52)
	at org.apache.pig.newplan.logical.optimizer.AllExpressionVisitor.visit(AllExpressionVisitor.java:142)
	at org.apache.pig.newplan.logical.relational.LOInnerLoad.accept(LOInnerLoad.java:128)
	at org.apache.pig.newplan.DependencyOrderWalker.walk(DependencyOrderWalker.java:75)
	at org.apache.pig.newplan.logical.optimizer.AllExpressionVisitor.visit(AllExpressionVisitor.java:124)
	at org.apache.pig.newplan.logical.relational.LOForEach.accept(LOForEach.java:87)
	at org.apache.pig.newplan.DependencyOrderWalker.walk(DependencyOrderWalker.java:75)
	at org.apache.pig.newplan.PlanVisitor.visit(PlanVisitor.java:52)
	at org.apache.pig.newplan.logical.relational.LogicalPlan.validate(LogicalPlan.java:176)
	at org.apache.pig.PigServer$Graph.validateQuery(PigServer.java:1793)
	at org.apache.pig.PigServer$Graph.registerQuery(PigServer.java:1765)
	at org.apache.pig.PigServer.registerQuery(PigServer.java:708)
	at org.apache.pig.tools.grunt.GruntParser.processPig(GruntParser.java:1110)
	at org.apache.pig.tools.pigscript.parser.PigScriptParser.parse(PigScriptParser.java:512)
	at org.apache.pig.tools.grunt.GruntParser.parseStopOnError(GruntParser.java:230)
	at org.apache.pig.tools.grunt.GruntParser.parseStopOnError(GruntParser.java:205)
	at org.apache.pig.tools.grunt.Grunt.run(Grunt.java:66)
	at org.apache.pig.Main.run(Main.java:564)
	at org.apache.pig.Main.main(Main.java:175)
	at sun.reflect.NativeMethodAccessorImpl.invoke0(Native Method)
	at sun.reflect.NativeMethodAccessorImpl.invoke(NativeMethodAccessorImpl.java:62)
	at sun.reflect.DelegatingMethodAccessorImpl.invoke(DelegatingMethodAccessorImpl.java:43)
	at java.lang.reflect.Method.invoke(Method.java:498)
	at org.apache.hadoop.util.RunJar.run(RunJar.java:318)
	at org.apache.hadoop.util.RunJar.main(RunJar.java:232)
================================================================================
Pig Stack Trace
---------------
ERROR 1045: <line 127, column 27> Could not infer the matching function for org.apache.pig.builtin.COUNT as multiple or none of them fit. Please use an explicit cast.

org.apache.pig.impl.logicalLayer.validators.TypeCheckerException: ERROR 1059: <line 127, column 4> Problem while reconciling output schema of ForEach
	at org.apache.pig.newplan.logical.visitor.TypeCheckingRelVisitor.throwTypeCheckerException(TypeCheckingRelVisitor.java:142)
	at org.apache.pig.newplan.logical.visitor.TypeCheckingRelVisitor.visit(TypeCheckingRelVisitor.java:182)
	at org.apache.pig.newplan.logical.relational.LOForEach.accept(LOForEach.java:87)
	at org.apache.pig.newplan.DependencyOrderWalker.walk(DependencyOrderWalker.java:75)
	at org.apache.pig.newplan.PlanVisitor.visit(PlanVisitor.java:52)
	at org.apache.pig.newplan.logical.relational.LogicalPlan.validate(LogicalPlan.java:192)
	at org.apache.pig.PigServer$Graph.validateQuery(PigServer.java:1793)
	at org.apache.pig.PigServer$Graph.registerQuery(PigServer.java:1765)
	at org.apache.pig.PigServer.registerQuery(PigServer.java:708)
	at org.apache.pig.tools.grunt.GruntParser.processPig(GruntParser.java:1110)
	at org.apache.pig.tools.pigscript.parser.PigScriptParser.parse(PigScriptParser.java:512)
	at org.apache.pig.tools.grunt.GruntParser.parseStopOnError(GruntParser.java:230)
	at org.apache.pig.tools.grunt.GruntParser.parseStopOnError(GruntParser.java:205)
	at org.apache.pig.tools.grunt.Grunt.run(Grunt.java:66)
	at org.apache.pig.Main.run(Main.java:564)
	at org.apache.pig.Main.main(Main.java:175)
	at sun.reflect.NativeMethodAccessorImpl.invoke0(Native Method)
	at sun.reflect.NativeMethodAccessorImpl.invoke(NativeMethodAccessorImpl.java:62)
	at sun.reflect.DelegatingMethodAccessorImpl.invoke(DelegatingMethodAccessorImpl.java:43)
	at java.lang.reflect.Method.invoke(Method.java:498)
	at org.apache.hadoop.util.RunJar.run(RunJar.java:318)
	at org.apache.hadoop.util.RunJar.main(RunJar.java:232)
Caused by: org.apache.pig.impl.logicalLayer.validators.TypeCheckerException: ERROR 1045: <line 127, column 27> Could not infer the matching function for org.apache.pig.builtin.COUNT as multiple or none of them fit. Please use an explicit cast.
	at org.apache.pig.newplan.logical.visitor.TypeCheckingExpVisitor.visit(TypeCheckingExpVisitor.java:789)
	at org.apache.pig.newplan.logical.expression.UserFuncExpression.accept(UserFuncExpression.java:113)
	at org.apache.pig.newplan.ReverseDependencyOrderWalker.walk(ReverseDependencyOrderWalker.java:70)
	at org.apache.pig.newplan.PlanVisitor.visit(PlanVisitor.java:52)
	at org.apache.pig.newplan.logical.visitor.TypeCheckingRelVisitor.visitExpressionPlan(TypeCheckingRelVisitor.java:191)
	at org.apache.pig.newplan.logical.visitor.TypeCheckingRelVisitor.visit(TypeCheckingRelVisitor.java:157)
	at org.apache.pig.newplan.logical.relational.LOGenerate.accept(LOGenerate.java:252)
	at org.apache.pig.newplan.DependencyOrderWalker.walk(DependencyOrderWalker.java:75)
	at org.apache.pig.newplan.PlanVisitor.visit(PlanVisitor.java:52)
	at org.apache.pig.newplan.logical.visitor.TypeCheckingRelVisitor.visit(TypeCheckingRelVisitor.java:174)
	... 20 more
================================================================================
Pig Stack Trace
---------------
ERROR 1200: <line 132, column 23>  Syntax error, unexpected symbol at or near 'GROUP'

Failed to parse: <line 132, column 23>  Syntax error, unexpected symbol at or near 'GROUP'
	at org.apache.pig.parser.QueryParserDriver.parse(QueryParserDriver.java:244)
	at org.apache.pig.parser.QueryParserDriver.parse(QueryParserDriver.java:182)
	at org.apache.pig.PigServer$Graph.validateQuery(PigServer.java:1792)
	at org.apache.pig.PigServer$Graph.registerQuery(PigServer.java:1765)
	at org.apache.pig.PigServer.registerQuery(PigServer.java:708)
	at org.apache.pig.tools.grunt.GruntParser.processPig(GruntParser.java:1110)
	at org.apache.pig.tools.pigscript.parser.PigScriptParser.parse(PigScriptParser.java:512)
	at org.apache.pig.tools.grunt.GruntParser.parseStopOnError(GruntParser.java:230)
	at org.apache.pig.tools.grunt.GruntParser.parseStopOnError(GruntParser.java:205)
	at org.apache.pig.tools.grunt.Grunt.run(Grunt.java:66)
	at org.apache.pig.Main.run(Main.java:564)
	at org.apache.pig.Main.main(Main.java:175)
	at sun.reflect.NativeMethodAccessorImpl.invoke0(Native Method)
	at sun.reflect.NativeMethodAccessorImpl.invoke(NativeMethodAccessorImpl.java:62)
	at sun.reflect.DelegatingMethodAccessorImpl.invoke(DelegatingMethodAccessorImpl.java:43)
	at java.lang.reflect.Method.invoke(Method.java:498)
	at org.apache.hadoop.util.RunJar.run(RunJar.java:318)
	at org.apache.hadoop.util.RunJar.main(RunJar.java:232)
================================================================================
Pig Stack Trace
---------------
ERROR 1200: <line 158, column 0>  Syntax error, unexpected symbol at or near 'C'

Failed to parse: <line 158, column 0>  Syntax error, unexpected symbol at or near 'C'
	at org.apache.pig.parser.QueryParserDriver.parse(QueryParserDriver.java:244)
	at org.apache.pig.parser.QueryParserDriver.parse(QueryParserDriver.java:182)
	at org.apache.pig.PigServer$Graph.validateQuery(PigServer.java:1792)
	at org.apache.pig.PigServer$Graph.registerQuery(PigServer.java:1765)
	at org.apache.pig.PigServer.registerQuery(PigServer.java:708)
	at org.apache.pig.tools.grunt.GruntParser.processPig(GruntParser.java:1110)
	at org.apache.pig.tools.pigscript.parser.PigScriptParser.parse(PigScriptParser.java:512)
	at org.apache.pig.tools.grunt.GruntParser.parseStopOnError(GruntParser.java:230)
	at org.apache.pig.tools.grunt.GruntParser.parseStopOnError(GruntParser.java:205)
	at org.apache.pig.tools.grunt.Grunt.run(Grunt.java:66)
	at org.apache.pig.Main.run(Main.java:564)
	at org.apache.pig.Main.main(Main.java:175)
	at sun.reflect.NativeMethodAccessorImpl.invoke0(Native Method)
	at sun.reflect.NativeMethodAccessorImpl.invoke(NativeMethodAccessorImpl.java:62)
	at sun.reflect.DelegatingMethodAccessorImpl.invoke(DelegatingMethodAccessorImpl.java:43)
	at java.lang.reflect.Method.invoke(Method.java:498)
	at org.apache.hadoop.util.RunJar.run(RunJar.java:318)
	at org.apache.hadoop.util.RunJar.main(RunJar.java:232)
================================================================================
Pig Stack Trace
---------------
ERROR 1200: <line 170, column 0>  Syntax error, unexpected symbol at or near 'D'

Failed to parse: <line 170, column 0>  Syntax error, unexpected symbol at or near 'D'
	at org.apache.pig.parser.QueryParserDriver.parse(QueryParserDriver.java:244)
	at org.apache.pig.parser.QueryParserDriver.parse(QueryParserDriver.java:182)
	at org.apache.pig.PigServer$Graph.validateQuery(PigServer.java:1792)
	at org.apache.pig.PigServer$Graph.registerQuery(PigServer.java:1765)
	at org.apache.pig.PigServer.registerQuery(PigServer.java:708)
	at org.apache.pig.tools.grunt.GruntParser.processPig(GruntParser.java:1110)
	at org.apache.pig.tools.pigscript.parser.PigScriptParser.parse(PigScriptParser.java:512)
	at org.apache.pig.tools.grunt.GruntParser.parseStopOnError(GruntParser.java:230)
	at org.apache.pig.tools.grunt.GruntParser.parseStopOnError(GruntParser.java:205)
	at org.apache.pig.tools.grunt.Grunt.run(Grunt.java:66)
	at org.apache.pig.Main.run(Main.java:564)
	at org.apache.pig.Main.main(Main.java:175)
	at sun.reflect.NativeMethodAccessorImpl.invoke0(Native Method)
	at sun.reflect.NativeMethodAccessorImpl.invoke(NativeMethodAccessorImpl.java:62)
	at sun.reflect.DelegatingMethodAccessorImpl.invoke(DelegatingMethodAccessorImpl.java:43)
	at java.lang.reflect.Method.invoke(Method.java:498)
	at org.apache.hadoop.util.RunJar.run(RunJar.java:318)
	at org.apache.hadoop.util.RunJar.main(RunJar.java:232)
================================================================================
Pig Stack Trace
---------------
ERROR 1003: Unable to find an operator for alias D

org.apache.pig.impl.logicalLayer.FrontendException: ERROR 1003: Unable to find an operator for alias D
	at org.apache.pig.PigServer$Graph.buildPlan(PigServer.java:1629)
	at org.apache.pig.PigServer.storeEx(PigServer.java:1114)
	at org.apache.pig.PigServer.store(PigServer.java:1082)
	at org.apache.pig.PigServer.openIterator(PigServer.java:995)
	at org.apache.pig.tools.grunt.GruntParser.processDump(GruntParser.java:782)
	at org.apache.pig.tools.pigscript.parser.PigScriptParser.parse(PigScriptParser.java:383)
	at org.apache.pig.tools.grunt.GruntParser.parseStopOnError(GruntParser.java:230)
	at org.apache.pig.tools.grunt.GruntParser.parseStopOnError(GruntParser.java:205)
	at org.apache.pig.tools.grunt.Grunt.run(Grunt.java:66)
	at org.apache.pig.Main.run(Main.java:564)
	at org.apache.pig.Main.main(Main.java:175)
	at sun.reflect.NativeMethodAccessorImpl.invoke0(Native Method)
	at sun.reflect.NativeMethodAccessorImpl.invoke(NativeMethodAccessorImpl.java:62)
	at sun.reflect.DelegatingMethodAccessorImpl.invoke(DelegatingMethodAccessorImpl.java:43)
	at java.lang.reflect.Method.invoke(Method.java:498)
	at org.apache.hadoop.util.RunJar.run(RunJar.java:318)
	at org.apache.hadoop.util.RunJar.main(RunJar.java:232)
================================================================================
